0 info it worked if it ends with ok
1 verbose cli [ '/usr/local/bin/iojs', '/usr/bin/npm', 'install', 'node' ]
2 info using npm@3.10.8
3 info using node@v8.2.1
4 silly loadCurrentTree Starting
5 silly install loadCurrentTree
6 silly install readLocalPackageData
7 silly fetchPackageMetaData node
8 silly fetchNamedPackageData node
9 silly mapToRegistry name node
10 silly mapToRegistry using default registry
11 silly mapToRegistry registry https://registry.npmjs.org/
12 silly mapToRegistry data Result {
12 silly mapToRegistry   raw: 'node',
12 silly mapToRegistry   scope: null,
12 silly mapToRegistry   escapedName: 'node',
12 silly mapToRegistry   name: 'node',
12 silly mapToRegistry   rawSpec: '',
12 silly mapToRegistry   spec: 'latest',
12 silly mapToRegistry   type: 'tag' }
13 silly mapToRegistry uri https://registry.npmjs.org/node
14 verbose request uri https://registry.npmjs.org/node
15 verbose request no auth needed
16 info attempt registry request try #1 at 17:12:29
17 verbose request using bearer token for auth
18 verbose request id 06e2c7ba013fe55e
19 http request GET https://registry.npmjs.org/node
20 http 200 https://registry.npmjs.org/node
21 verbose headers { server: 'nginx/1.10.1',
21 verbose headers   'content-type': 'application/json',
21 verbose headers   'last-modified': 'Tue, 25 Jul 2017 03:37:56 GMT',
21 verbose headers   etag: 'W/"5976bd14-4df89"',
21 verbose headers   'content-encoding': 'gzip',
21 verbose headers   'cache-control': 'max-age=300',
21 verbose headers   'transfer-encoding': 'chunked',
21 verbose headers   'accept-ranges': 'bytes',
21 verbose headers   date: 'Fri, 28 Jul 2017 21:12:30 GMT',
21 verbose headers   via: '1.1 varnish',
21 verbose headers   connection: 'keep-alive',
21 verbose headers   'x-served-by': 'cache-ord1743-ORD',
21 verbose headers   'x-cache': 'MISS',
21 verbose headers   'x-cache-hits': '0',
21 verbose headers   'x-timer': 'S1501276351.813368,VS0,VE22',
21 verbose headers   vary: 'Accept-Encoding, Accept' }
22 silly get cb [ 200,
22 silly get   { server: 'nginx/1.10.1',
22 silly get     'content-type': 'application/json',
22 silly get     'last-modified': 'Tue, 25 Jul 2017 03:37:56 GMT',
22 silly get     etag: 'W/"5976bd14-4df89"',
22 silly get     'content-encoding': 'gzip',
22 silly get     'cache-control': 'max-age=300',
22 silly get     'transfer-encoding': 'chunked',
22 silly get     'accept-ranges': 'bytes',
22 silly get     date: 'Fri, 28 Jul 2017 21:12:30 GMT',
22 silly get     via: '1.1 varnish',
22 silly get     connection: 'keep-alive',
22 silly get     'x-served-by': 'cache-ord1743-ORD',
22 silly get     'x-cache': 'MISS',
22 silly get     'x-cache-hits': '0',
22 silly get     'x-timer': 'S1501276351.813368,VS0,VE22',
22 silly get     vary: 'Accept-Encoding, Accept' } ]
23 verbose get saving node to /home/ama29/.npm/registry.npmjs.org/node/.cache.json
24 verbose correctMkdir /home/ama29/.npm correctMkdir not in flight; initializing
25 silly install normalizeTree
26 silly loadCurrentTree Finishing
27 silly loadIdealTree Starting
28 silly install loadIdealTree
29 silly cloneCurrentTree Starting
30 silly install cloneCurrentTreeToIdealTree
31 silly cloneCurrentTree Finishing
32 silly loadShrinkwrap Starting
33 silly install loadShrinkwrap
34 silly loadShrinkwrap Finishing
35 silly loadAllDepsIntoIdealTree Starting
36 silly install loadAllDepsIntoIdealTree
37 silly resolveWithNewModule node@8.2.1 checking installable status
38 silly cache add args [ 'node', null ]
39 verbose cache add spec node
40 silly cache add parsed spec Result {
40 silly cache add   raw: 'node',
40 silly cache add   scope: null,
40 silly cache add   escapedName: 'node',
40 silly cache add   name: 'node',
40 silly cache add   rawSpec: '',
40 silly cache add   spec: 'latest',
40 silly cache add   type: 'tag' }
41 silly addNamed node@latest
42 verbose addNamed "latest" is being treated as a dist-tag for node
43 info addNameTag [ 'node', 'latest' ]
44 silly mapToRegistry name node
45 silly mapToRegistry using default registry
46 silly mapToRegistry registry https://registry.npmjs.org/
47 silly mapToRegistry data Result {
47 silly mapToRegistry   raw: 'node',
47 silly mapToRegistry   scope: null,
47 silly mapToRegistry   escapedName: 'node',
47 silly mapToRegistry   name: 'node',
47 silly mapToRegistry   rawSpec: '',
47 silly mapToRegistry   spec: 'latest',
47 silly mapToRegistry   type: 'tag' }
48 silly mapToRegistry uri https://registry.npmjs.org/node
49 verbose addNameTag registry:https://registry.npmjs.org/node not in flight; fetching
50 verbose get https://registry.npmjs.org/node not expired, no request
51 silly addNameTag next cb for node with tag latest
52 silly addNamed node@8.2.1
53 verbose addNamed "8.2.1" is a plain semver version for node
54 silly mapToRegistry name node
55 silly mapToRegistry using default registry
56 silly mapToRegistry registry https://registry.npmjs.org/
57 silly mapToRegistry data Result {
57 silly mapToRegistry   raw: 'node',
57 silly mapToRegistry   scope: null,
57 silly mapToRegistry   escapedName: 'node',
57 silly mapToRegistry   name: 'node',
57 silly mapToRegistry   rawSpec: '',
57 silly mapToRegistry   spec: 'latest',
57 silly mapToRegistry   type: 'tag' }
58 silly mapToRegistry uri https://registry.npmjs.org/node
59 verbose addRemoteTarball https://registry.npmjs.org/node/-/node-8.2.1.tgz not in flight; adding
60 verbose addRemoteTarball [ 'https://registry.npmjs.org/node/-/node-8.2.1.tgz',
60 verbose addRemoteTarball   '860b3f57ef778177320f9b5da8171b6249fe4998' ]
61 info retry fetch attempt 1 at 17:12:30
62 info attempt registry request try #1 at 17:12:30
63 http fetch GET https://registry.npmjs.org/node/-/node-8.2.1.tgz
64 verbose request using bearer token for auth
65 http fetch 200 https://registry.npmjs.org/node/-/node-8.2.1.tgz
66 silly fetchAndShaCheck shasum 860b3f57ef778177320f9b5da8171b6249fe4998
67 verbose addTmpTarball /tmp/npm-24955-015f7cf4/registry.npmjs.org/node/-/node-8.2.1.tgz not in flight; adding
68 verbose addTmpTarball already have metadata; skipping unpack for node@8.2.1
69 verbose correctMkdir /home/ama29/.npm correctMkdir not in flight; initializing
70 silly cache afterAdd node@8.2.1
71 verbose afterAdd /home/ama29/.npm/node/8.2.1/package/package.json not in flight; writing
72 verbose correctMkdir /home/ama29/.npm correctMkdir not in flight; initializing
73 verbose afterAdd /home/ama29/.npm/node/8.2.1/package/package.json written
74 silly fetchNamedPackageData node-bin-setup
75 silly mapToRegistry name node-bin-setup
76 silly mapToRegistry using default registry
77 silly mapToRegistry registry https://registry.npmjs.org/
78 silly mapToRegistry data Result {
78 silly mapToRegistry   raw: 'node-bin-setup',
78 silly mapToRegistry   scope: null,
78 silly mapToRegistry   escapedName: 'node-bin-setup',
78 silly mapToRegistry   name: 'node-bin-setup',
78 silly mapToRegistry   rawSpec: '',
78 silly mapToRegistry   spec: 'latest',
78 silly mapToRegistry   type: 'tag' }
79 silly mapToRegistry uri https://registry.npmjs.org/node-bin-setup
80 verbose request uri https://registry.npmjs.org/node-bin-setup
81 verbose request no auth needed
82 info attempt registry request try #1 at 17:12:30
83 verbose request using bearer token for auth
84 http request GET https://registry.npmjs.org/node-bin-setup
85 http 200 https://registry.npmjs.org/node-bin-setup
86 verbose headers { server: 'nginx/1.10.1',
86 verbose headers   'content-type': 'application/json',
86 verbose headers   'last-modified': 'Tue, 25 Jul 2017 03:32:58 GMT',
86 verbose headers   etag: 'W/"5976bbea-1511"',
86 verbose headers   'content-encoding': 'gzip',
86 verbose headers   'cache-control': 'max-age=300',
86 verbose headers   'transfer-encoding': 'chunked',
86 verbose headers   'accept-ranges': 'bytes',
86 verbose headers   date: 'Fri, 28 Jul 2017 21:12:31 GMT',
86 verbose headers   via: '1.1 varnish',
86 verbose headers   connection: 'keep-alive',
86 verbose headers   'x-served-by': 'cache-ord1743-ORD',
86 verbose headers   'x-cache': 'MISS',
86 verbose headers   'x-cache-hits': '0',
86 verbose headers   'x-timer': 'S1501276351.211079,VS0,VE20',
86 verbose headers   vary: 'Accept-Encoding, Accept' }
87 silly get cb [ 200,
87 silly get   { server: 'nginx/1.10.1',
87 silly get     'content-type': 'application/json',
87 silly get     'last-modified': 'Tue, 25 Jul 2017 03:32:58 GMT',
87 silly get     etag: 'W/"5976bbea-1511"',
87 silly get     'content-encoding': 'gzip',
87 silly get     'cache-control': 'max-age=300',
87 silly get     'transfer-encoding': 'chunked',
87 silly get     'accept-ranges': 'bytes',
87 silly get     date: 'Fri, 28 Jul 2017 21:12:31 GMT',
87 silly get     via: '1.1 varnish',
87 silly get     connection: 'keep-alive',
87 silly get     'x-served-by': 'cache-ord1743-ORD',
87 silly get     'x-cache': 'MISS',
87 silly get     'x-cache-hits': '0',
87 silly get     'x-timer': 'S1501276351.211079,VS0,VE20',
87 silly get     vary: 'Accept-Encoding, Accept' } ]
88 verbose get saving node-bin-setup to /home/ama29/.npm/registry.npmjs.org/node-bin-setup/.cache.json
89 verbose correctMkdir /home/ama29/.npm correctMkdir not in flight; initializing
90 silly resolveWithNewModule node-bin-setup@1.0.6 checking installable status
91 silly cache add args [ 'node-bin-setup@^1.0.0', null ]
92 verbose cache add spec node-bin-setup@^1.0.0
93 silly cache add parsed spec Result {
93 silly cache add   raw: 'node-bin-setup@^1.0.0',
93 silly cache add   scope: null,
93 silly cache add   escapedName: 'node-bin-setup',
93 silly cache add   name: 'node-bin-setup',
93 silly cache add   rawSpec: '^1.0.0',
93 silly cache add   spec: '>=1.0.0 <2.0.0',
93 silly cache add   type: 'range' }
94 silly addNamed node-bin-setup@>=1.0.0 <2.0.0
95 verbose addNamed ">=1.0.0 <2.0.0" is a valid semver range for node-bin-setup
96 silly addNameRange { name: 'node-bin-setup',
96 silly addNameRange   range: '>=1.0.0 <2.0.0',
96 silly addNameRange   hasData: false }
97 silly mapToRegistry name node-bin-setup
98 silly mapToRegistry using default registry
99 silly mapToRegistry registry https://registry.npmjs.org/
100 silly mapToRegistry data Result {
100 silly mapToRegistry   raw: 'node-bin-setup',
100 silly mapToRegistry   scope: null,
100 silly mapToRegistry   escapedName: 'node-bin-setup',
100 silly mapToRegistry   name: 'node-bin-setup',
100 silly mapToRegistry   rawSpec: '',
100 silly mapToRegistry   spec: 'latest',
100 silly mapToRegistry   type: 'tag' }
101 silly mapToRegistry uri https://registry.npmjs.org/node-bin-setup
102 verbose addNameRange registry:https://registry.npmjs.org/node-bin-setup not in flight; fetching
103 verbose get https://registry.npmjs.org/node-bin-setup not expired, no request
104 silly addNameRange number 2 { name: 'node-bin-setup',
104 silly addNameRange   range: '>=1.0.0 <2.0.0',
104 silly addNameRange   hasData: true }
105 silly addNameRange versions [ 'node-bin-setup',
105 silly addNameRange   [ '1.0.0', '1.0.1', '1.0.2', '1.0.3', '1.0.4', '1.0.6' ] ]
106 silly addNamed node-bin-setup@1.0.6
107 verbose addNamed "1.0.6" is a plain semver version for node-bin-setup
108 silly mapToRegistry name node-bin-setup
109 silly mapToRegistry using default registry
110 silly mapToRegistry registry https://registry.npmjs.org/
111 silly mapToRegistry data Result {
111 silly mapToRegistry   raw: 'node-bin-setup',
111 silly mapToRegistry   scope: null,
111 silly mapToRegistry   escapedName: 'node-bin-setup',
111 silly mapToRegistry   name: 'node-bin-setup',
111 silly mapToRegistry   rawSpec: '',
111 silly mapToRegistry   spec: 'latest',
111 silly mapToRegistry   type: 'tag' }
112 silly mapToRegistry uri https://registry.npmjs.org/node-bin-setup
113 verbose addRemoteTarball https://registry.npmjs.org/node-bin-setup/-/node-bin-setup-1.0.6.tgz not in flight; adding
114 verbose addRemoteTarball [ 'https://registry.npmjs.org/node-bin-setup/-/node-bin-setup-1.0.6.tgz',
114 verbose addRemoteTarball   '4b5c9bb937ece702d7069b36ca78af4684677528' ]
115 info retry fetch attempt 1 at 17:12:30
116 info attempt registry request try #1 at 17:12:30
117 http fetch GET https://registry.npmjs.org/node-bin-setup/-/node-bin-setup-1.0.6.tgz
118 verbose request using bearer token for auth
119 http fetch 200 https://registry.npmjs.org/node-bin-setup/-/node-bin-setup-1.0.6.tgz
120 silly fetchAndShaCheck shasum 4b5c9bb937ece702d7069b36ca78af4684677528
121 verbose addTmpTarball /tmp/npm-24955-015f7cf4/registry.npmjs.org/node-bin-setup/-/node-bin-setup-1.0.6.tgz not in flight; adding
122 verbose addTmpTarball already have metadata; skipping unpack for node-bin-setup@1.0.6
123 verbose correctMkdir /home/ama29/.npm correctMkdir not in flight; initializing
124 silly cache afterAdd node-bin-setup@1.0.6
125 verbose afterAdd /home/ama29/.npm/node-bin-setup/1.0.6/package/package.json not in flight; writing
126 verbose correctMkdir /home/ama29/.npm correctMkdir not in flight; initializing
127 verbose afterAdd /home/ama29/.npm/node-bin-setup/1.0.6/package/package.json written
128 silly loadAllDepsIntoIdealTree Finishing
129 silly loadIdealTree Finishing
130 silly currentTree simple-code-generator@0.0.3
130 silly currentTree ├── ansi-escapes@2.0.0
130 silly currentTree ├── ansi-regex@2.1.1
130 silly currentTree ├── ansi-styles@2.2.1
130 silly currentTree ├── async@0.9.2
130 silly currentTree ├── balanced-match@1.0.0
130 silly currentTree ├── brace-expansion@1.1.8
130 silly currentTree ├── chalk@1.1.3
130 silly currentTree ├── clear@0.0.1
130 silly currentTree ├── cli-cursor@2.1.0
130 silly currentTree ├── cli-width@2.1.0
130 silly currentTree ├── color-convert@1.9.0
130 silly currentTree ├── color-name@1.1.3
130 silly currentTree ├── colors@1.1.2
130 silly currentTree ├── concat-map@0.0.1
130 silly currentTree ├── cycle@1.0.3
130 silly currentTree ├── debug@2.6.8
130 silly currentTree ├── deep-equal@0.2.2
130 silly currentTree ├── escape-string-regexp@1.0.5
130 silly currentTree ├── external-editor@2.0.4
130 silly currentTree ├── eyes@0.1.8
130 silly currentTree ├── figlet@1.2.0
130 silly currentTree ├── figures@2.0.0
130 silly currentTree ├── fs.realpath@1.0.0
130 silly currentTree ├── glob@7.1.2
130 silly currentTree ├── has-ansi@2.0.0
130 silly currentTree ├── has-flag@2.0.0
130 silly currentTree ├── i@0.3.5
130 silly currentTree ├── iconv-lite@0.4.18
130 silly currentTree ├── inflight@1.0.6
130 silly currentTree ├── inherits@2.0.3
130 silly currentTree ├─┬ inquirer@3.2.1
130 silly currentTree │ ├── ansi-regex@3.0.0
130 silly currentTree │ ├── ansi-styles@3.2.0
130 silly currentTree │ ├── chalk@2.0.1
130 silly currentTree │ ├── strip-ansi@4.0.0
130 silly currentTree │ └── supports-color@4.2.1
130 silly currentTree ├── is-fullwidth-code-point@2.0.0
130 silly currentTree ├── is-promise@2.1.0
130 silly currentTree ├── isstream@0.1.2
130 silly currentTree ├── jschardet@1.5.0
130 silly currentTree ├── lodash@4.17.4
130 silly currentTree ├── mimic-fn@1.1.0
130 silly currentTree ├── minimatch@3.0.4
130 silly currentTree ├── minimist@1.2.0
130 silly currentTree ├─┬ mkdirp@0.5.1
130 silly currentTree │ └── minimist@0.0.8
130 silly currentTree ├── ms@2.0.0
130 silly currentTree ├── mute-stream@0.0.7
130 silly currentTree ├── ncp@1.0.1
130 silly currentTree ├── once@1.4.0
130 silly currentTree ├── onetime@2.0.1
130 silly currentTree ├── os-tmpdir@1.0.2
130 silly currentTree ├── path-is-absolute@1.0.1
130 silly currentTree ├── pkginfo@0.4.0
130 silly currentTree ├── prompt@1.0.0
130 silly currentTree ├── read@1.0.7
130 silly currentTree ├── restore-cursor@2.0.0
130 silly currentTree ├── revalidator@0.1.8
130 silly currentTree ├── rimraf@2.6.1
130 silly currentTree ├── run-async@2.3.0
130 silly currentTree ├── rx-lite-aggregates@4.0.8
130 silly currentTree ├── rx-lite@4.0.8
130 silly currentTree ├── signal-exit@3.0.2
130 silly currentTree ├── simple-git@1.74.1
130 silly currentTree ├── stack-trace@0.0.10
130 silly currentTree ├─┬ string-width@2.1.1
130 silly currentTree │ ├── ansi-regex@3.0.0
130 silly currentTree │ └── strip-ansi@4.0.0
130 silly currentTree ├── strip-ansi@3.0.1
130 silly currentTree ├── supports-color@2.0.0
130 silly currentTree ├── through@2.3.8
130 silly currentTree ├── tmp@0.0.31
130 silly currentTree ├── utile@0.3.0
130 silly currentTree ├─┬ winston@2.1.1
130 silly currentTree │ ├── async@1.0.0
130 silly currentTree │ ├── colors@1.0.3
130 silly currentTree │ └── pkginfo@0.3.1
130 silly currentTree └── wrappy@1.0.2
131 silly idealTree simple-code-generator@0.0.3
131 silly idealTree ├── ansi-escapes@2.0.0
131 silly idealTree ├── ansi-regex@2.1.1
131 silly idealTree ├── ansi-styles@2.2.1
131 silly idealTree ├── async@0.9.2
131 silly idealTree ├── balanced-match@1.0.0
131 silly idealTree ├── brace-expansion@1.1.8
131 silly idealTree ├── chalk@1.1.3
131 silly idealTree ├── clear@0.0.1
131 silly idealTree ├── cli-cursor@2.1.0
131 silly idealTree ├── cli-width@2.1.0
131 silly idealTree ├── color-convert@1.9.0
131 silly idealTree ├── color-name@1.1.3
131 silly idealTree ├── colors@1.1.2
131 silly idealTree ├── concat-map@0.0.1
131 silly idealTree ├── cycle@1.0.3
131 silly idealTree ├── debug@2.6.8
131 silly idealTree ├── deep-equal@0.2.2
131 silly idealTree ├── escape-string-regexp@1.0.5
131 silly idealTree ├── external-editor@2.0.4
131 silly idealTree ├── eyes@0.1.8
131 silly idealTree ├── figlet@1.2.0
131 silly idealTree ├── figures@2.0.0
131 silly idealTree ├── fs.realpath@1.0.0
131 silly idealTree ├── glob@7.1.2
131 silly idealTree ├── has-ansi@2.0.0
131 silly idealTree ├── has-flag@2.0.0
131 silly idealTree ├── i@0.3.5
131 silly idealTree ├── iconv-lite@0.4.18
131 silly idealTree ├── inflight@1.0.6
131 silly idealTree ├── inherits@2.0.3
131 silly idealTree ├─┬ inquirer@3.2.1
131 silly idealTree │ ├── ansi-regex@3.0.0
131 silly idealTree │ ├── ansi-styles@3.2.0
131 silly idealTree │ ├── chalk@2.0.1
131 silly idealTree │ ├── strip-ansi@4.0.0
131 silly idealTree │ └── supports-color@4.2.1
131 silly idealTree ├── is-fullwidth-code-point@2.0.0
131 silly idealTree ├── is-promise@2.1.0
131 silly idealTree ├── isstream@0.1.2
131 silly idealTree ├── jschardet@1.5.0
131 silly idealTree ├── lodash@4.17.4
131 silly idealTree ├── mimic-fn@1.1.0
131 silly idealTree ├── minimatch@3.0.4
131 silly idealTree ├── minimist@1.2.0
131 silly idealTree ├─┬ mkdirp@0.5.1
131 silly idealTree │ └── minimist@0.0.8
131 silly idealTree ├── ms@2.0.0
131 silly idealTree ├── mute-stream@0.0.7
131 silly idealTree ├── ncp@1.0.1
131 silly idealTree ├── node-bin-setup@1.0.6
131 silly idealTree ├── node@8.2.1
131 silly idealTree ├── once@1.4.0
131 silly idealTree ├── onetime@2.0.1
131 silly idealTree ├── os-tmpdir@1.0.2
131 silly idealTree ├── path-is-absolute@1.0.1
131 silly idealTree ├── pkginfo@0.4.0
131 silly idealTree ├── prompt@1.0.0
131 silly idealTree ├── read@1.0.7
131 silly idealTree ├── restore-cursor@2.0.0
131 silly idealTree ├── revalidator@0.1.8
131 silly idealTree ├── rimraf@2.6.1
131 silly idealTree ├── run-async@2.3.0
131 silly idealTree ├── rx-lite-aggregates@4.0.8
131 silly idealTree ├── rx-lite@4.0.8
131 silly idealTree ├── signal-exit@3.0.2
131 silly idealTree ├── simple-git@1.74.1
131 silly idealTree ├── stack-trace@0.0.10
131 silly idealTree ├─┬ string-width@2.1.1
131 silly idealTree │ ├── ansi-regex@3.0.0
131 silly idealTree │ └── strip-ansi@4.0.0
131 silly idealTree ├── strip-ansi@3.0.1
131 silly idealTree ├── supports-color@2.0.0
131 silly idealTree ├── through@2.3.8
131 silly idealTree ├── tmp@0.0.31
131 silly idealTree ├── utile@0.3.0
131 silly idealTree ├─┬ winston@2.1.1
131 silly idealTree │ ├── async@1.0.0
131 silly idealTree │ ├── colors@1.0.3
131 silly idealTree │ └── pkginfo@0.3.1
131 silly idealTree └── wrappy@1.0.2
132 silly generateActionsToTake Starting
133 silly install generateActionsToTake
134 silly generateActionsToTake Finishing
135 silly diffTrees action count 2
136 silly diffTrees add node-bin-setup@1.0.6
137 silly diffTrees add node@8.2.1
138 silly decomposeActions action count 16
139 silly decomposeActions fetch node-bin-setup@1.0.6
140 silly decomposeActions extract node-bin-setup@1.0.6
141 silly decomposeActions test node-bin-setup@1.0.6
142 silly decomposeActions preinstall node-bin-setup@1.0.6
143 silly decomposeActions build node-bin-setup@1.0.6
144 silly decomposeActions install node-bin-setup@1.0.6
145 silly decomposeActions postinstall node-bin-setup@1.0.6
146 silly decomposeActions finalize node-bin-setup@1.0.6
147 silly decomposeActions fetch node@8.2.1
148 silly decomposeActions extract node@8.2.1
149 silly decomposeActions test node@8.2.1
150 silly decomposeActions preinstall node@8.2.1
151 silly decomposeActions build node@8.2.1
152 silly decomposeActions install node@8.2.1
153 silly decomposeActions postinstall node@8.2.1
154 silly decomposeActions finalize node@8.2.1
155 silly runTopLevelLifecycles Starting
156 silly executeActions Starting
157 silly install executeActions
158 silly doSerial global-install 0
159 silly doParallel fetch 2
160 verbose correctMkdir /home/ama29/.npm/_locks correctMkdir not in flight; initializing
161 verbose lock using /home/ama29/.npm/_locks/staging-1a8933c88ba891dd.lock for /home/ama29/codeGenerator/node_modules/.staging
162 silly doParallel extract 2
163 silly extract node-bin-setup@1.0.6
164 silly extract node@8.2.1
165 verbose unbuild node_modules/.staging/node-bin-setup-fb985638
166 verbose unbuild node_modules/.staging/node-16d5c93a
167 silly gentlyRm /home/ama29/codeGenerator/node_modules/.staging/node-bin-setup-fb985638 is being purged from base /home/ama29/codeGenerator
168 verbose gentlyRm don't care about contents; nuking /home/ama29/codeGenerator/node_modules/.staging/node-bin-setup-fb985638
169 verbose tar unpack /home/ama29/.npm/node-bin-setup/1.0.6/package.tgz
170 verbose tar unpacking to /home/ama29/codeGenerator/node_modules/.staging/node-bin-setup-fb985638
171 silly gentlyRm /home/ama29/codeGenerator/node_modules/.staging/node-bin-setup-fb985638 is being purged
172 verbose gentlyRm don't care about contents; nuking /home/ama29/codeGenerator/node_modules/.staging/node-bin-setup-fb985638
173 silly gentlyRm /home/ama29/codeGenerator/node_modules/.staging/node-16d5c93a is being purged from base /home/ama29/codeGenerator
174 verbose gentlyRm don't care about contents; nuking /home/ama29/codeGenerator/node_modules/.staging/node-16d5c93a
175 silly gunzTarPerm modes [ '755', '644' ]
176 verbose tar unpack /home/ama29/.npm/node/8.2.1/package.tgz
177 verbose tar unpacking to /home/ama29/codeGenerator/node_modules/.staging/node-16d5c93a
178 silly gentlyRm /home/ama29/codeGenerator/node_modules/.staging/node-16d5c93a is being purged
179 verbose gentlyRm don't care about contents; nuking /home/ama29/codeGenerator/node_modules/.staging/node-16d5c93a
180 silly gunzTarPerm modes [ '755', '644' ]
181 silly gunzTarPerm extractEntry package.json
182 silly gunzTarPerm extractEntry package.json
183 silly gunzTarPerm extractEntry index.js
184 silly gunzTarPerm extractEntry README.md
185 silly gunzTarPerm extractEntry installArchSpecificPackage.js
186 silly gentlyRm /home/ama29/codeGenerator/node_modules/.staging/node-bin-setup-fb985638/node_modules is being purged
187 verbose gentlyRm don't care about contents; nuking /home/ama29/codeGenerator/node_modules/.staging/node-bin-setup-fb985638/node_modules
188 silly gentlyRm /home/ama29/codeGenerator/node_modules/.staging/node-16d5c93a/node_modules is being purged
189 verbose gentlyRm don't care about contents; nuking /home/ama29/codeGenerator/node_modules/.staging/node-16d5c93a/node_modules
190 silly doParallel preinstall 2
191 silly preinstall node-bin-setup@1.0.6 /home/ama29/codeGenerator/node_modules/.staging/node-bin-setup-fb985638
192 info lifecycle node-bin-setup@1.0.6~preinstall: node-bin-setup@1.0.6
193 silly preinstall node@8.2.1 /home/ama29/codeGenerator/node_modules/.staging/node-16d5c93a
194 info lifecycle node@8.2.1~preinstall: node@8.2.1
195 silly lifecycle node-bin-setup@1.0.6~preinstall: no script for preinstall, continuing
196 verbose lifecycle node@8.2.1~preinstall: unsafe-perm in lifecycle true
197 verbose lifecycle node@8.2.1~preinstall: PATH: /usr/lib/node_modules/npm/bin/node-gyp-bin:/home/ama29/codeGenerator/node_modules/.staging/node-16d5c93a/node_modules/.bin:/home/ama29/codeGenerator/node_modules/.bin:/usr/local/sbin:/usr/local/bin:/usr/sbin:/usr/bin:/sbin:/bin:/usr/games:/usr/local/games:/home/ama29/.cas-git-tools/bin
198 verbose lifecycle node@8.2.1~preinstall: CWD: /home/ama29/codeGenerator/node_modules/.staging/node-16d5c93a
199 silly lifecycle node@8.2.1~preinstall: Args: [ '-c', 'node installArchSpecificPackage' ]
200 silly lifecycle node@8.2.1~preinstall: Returned: code: 1  signal: null
201 info lifecycle node@8.2.1~preinstall: Failed to exec preinstall script
202 verbose unlock done using /home/ama29/.npm/_locks/staging-1a8933c88ba891dd.lock for /home/ama29/codeGenerator/node_modules/.staging
203 silly rollbackFailedOptional Starting
204 silly rollbackFailedOptional Finishing
205 silly runTopLevelLifecycles Finishing
206 silly install printInstalled
207 warn simple-code-generator@0.0.3 No repository field.
208 verbose If you need help, you may report this error at:
208 verbose     <https://github.com/npm/npm/issues>
209 verbose stack Error: node@8.2.1 preinstall: `node installArchSpecificPackage`
209 verbose stack Exit status 1
209 verbose stack     at EventEmitter.<anonymous> (/usr/lib/node_modules/npm/lib/utils/lifecycle.js:255:16)
209 verbose stack     at emitTwo (events.js:125:13)
209 verbose stack     at EventEmitter.emit (events.js:213:7)
209 verbose stack     at ChildProcess.<anonymous> (/usr/lib/node_modules/npm/lib/utils/spawn.js:40:14)
209 verbose stack     at emitTwo (events.js:125:13)
209 verbose stack     at ChildProcess.emit (events.js:213:7)
209 verbose stack     at maybeClose (internal/child_process.js:921:16)
209 verbose stack     at Process.ChildProcess._handle.onexit (internal/child_process.js:211:5)
210 verbose pkgid node@8.2.1
211 verbose cwd /home/ama29/codeGenerator
212 error Linux 3.13.0-117-generic
213 error argv "/usr/local/bin/iojs" "/usr/bin/npm" "install" "node"
214 error node v8.2.1
215 error npm  v3.10.8
216 error code ELIFECYCLE
217 error node@8.2.1 preinstall: `node installArchSpecificPackage`
217 error Exit status 1
218 error Failed at the node@8.2.1 preinstall script 'node installArchSpecificPackage'.
218 error Make sure you have the latest version of node.js and npm installed.
218 error If you do, this is most likely a problem with the node package,
218 error not with npm itself.
218 error Tell the author that this fails on your system:
218 error     node installArchSpecificPackage
218 error You can get information on how to open an issue for this project with:
218 error     npm bugs node
218 error Or if that isn't available, you can get their info via:
218 error     npm owner ls node
218 error There is likely additional logging output above.
219 verbose exit [ 1, true ]
